<?xml version="1.0" encoding="UTF-8"?>
<testng-results skipped="0" failed="0" ignored="0" total="1" passed="1">
  <reporter-output>
  </reporter-output>
  <suite name="Default suite" duration-ms="14130" started-at="2019-12-08T06:15:46Z" finished-at="2019-12-08T06:16:00Z">
    <groups>
    </groups>
    <test name="Default test" duration-ms="14130" started-at="2019-12-08T06:15:46Z" finished-at="2019-12-08T06:16:00Z">
      <class name="com.demo.test.Logintest">
        <test-method status="PASS" signature="beforeMethod()[pri:0, instance:com.demo.test.Logintest@26be92ad]" name="beforeMethod" is-config="true" duration-ms="13427" started-at="2019-12-08T06:15:46Z" finished-at="2019-12-08T06:15:59Z">
          <reporter-output>
          </reporter-output>
        </test-method> <!-- beforeMethod -->
        <test-method status="PASS" signature="f()[pri:0, instance:com.demo.test.Logintest@26be92ad]" name="f" duration-ms="388" started-at="2019-12-08T06:15:59Z" finished-at="2019-12-08T06:15:59Z">
          <reporter-output>
          </reporter-output>
        </test-method> <!-- f -->
        <test-method status="PASS" signature="afterMethod()[pri:0, instance:com.demo.test.Logintest@26be92ad]" name="afterMethod" is-config="true" duration-ms="280" started-at="2019-12-08T06:15:59Z" finished-at="2019-12-08T06:16:00Z">
          <reporter-output>
          </reporter-output>
        </test-method> <!-- afterMethod -->
      </class> <!-- com.demo.test.Logintest -->
    </test> <!-- Default test -->
  </suite> <!-- Default suite -->
</testng-results>
